<?xml version="1.0" encoding="UTF-8"?>
<!-- Generated by org.testng.reporters.JUnitReportReporter -->
<testsuite hostname="SARVESH-DESKTOP" failures="0" tests="1" name="test.SwagLabAddToCartTest" time="7.048" errors="0" timestamp="2024-05-31T15:49:17 IST" skipped="0">
  <testcase classname="test.SwagLabAddToCartTest" name="testLoginBystandard_user" time="7.048"/>
</testsuite> <!-- test.SwagLabAddToCartTest -->
